<?xml version="1.0" encoding="UTF-8"?>
<testsuite xmlns:xsi="http://www.w3.org/2001/XMLSchema-instance" xsi:noNamespaceSchemaLocation="https://maven.apache.org/surefire/maven-surefire-plugin/xsd/surefire-test-report.xsd" version="3.0.2" name="org.upnext.mail_service.MailServiceApplicationTests" time="4.815" tests="1" errors="0" skipped="0" failures="0">
  <properties>
[...]
</properties>
  <testcase name="contextLoads" classname="org.upnext.mail_service.MailServiceApplicationTests" time="0.992">
    <system-out><![CDATA[19:07:52.751 [main] INFO org.springframework.test.context.support.AnnotationConfigContextLoaderUtils -- Could not detect default configuration classes for test class [org.upnext.mail_service.MailServiceApplicationTests]: MailServiceApplicationTests does not declare any static, non-private, non-final, nested classes annotated with @Configuration.
19:07:52.890 [main] INFO org.springframework.boot.test.context.SpringBootTestContextBootstrapper -- Found @SpringBootConfiguration org.upnext.mail_service.MailServiceApplication for test class org.upnext.mail_service.MailServiceApplicationTests

  .   ____          _            __ _ _
 /\\ / ___'_ __ _ _(_)_ __  __ _ \ \ \ \
( ( )\___ | '_ | '_| | '_ \/ _` | \ \ \ \
 \\/  ___)| |_)| | | | | || (_| |  ) ) ) )
  '  |____| .__|_| |_|_| |_\__, | / / / /
 =========|_|==============|___/=/_/_/_/

 :: Spring Boot ::                (v3.5.6)

2025-10-27T19:07:53.404+03:00  INFO 579847 --- [mail-service] [           main] o.u.m.MailServiceApplicationTests        : Starting MailServiceApplicationTests using Java 21.0.8 with PID 579847 (started by eslamtaha in /home/eslamtaha/Desktop/Projects/FawryProject/Mail-Service)
2025-10-27T19:07:53.406+03:00  INFO 579847 --- [mail-service] [           main] o.u.m.MailServiceApplicationTests        : No active profile set, falling back to 1 default profile: "default"
2025-10-27T19:07:56.107+03:00  INFO 579847 --- [mail-service] [           main] o.s.a.r.c.CachingConnectionFactory       : Attempting to connect to: [localhost:5672]
2025-10-27T19:07:56.197+03:00  INFO 579847 --- [mail-service] [           main] o.s.a.r.c.CachingConnectionFactory       : Created new connection: rabbitConnectionFactory#a146b11:0/SimpleConnection@41bfa9e9 [delegate=amqp://guest@127.0.0.1:5672/, localPort=41764]
2025-10-27T19:07:56.392+03:00  INFO 579847 --- [mail-service] [           main] o.u.m.MailServiceApplicationTests        : Started MailServiceApplicationTests in 3.327 seconds (process running for 4.373)
]]></system-out>
    <system-err><![CDATA[Mockito is currently self-attaching to enable the inline-mock-maker. This will no longer work in future releases of the JDK. Please add Mockito as an agent to your build as described in Mockito's documentation: https://javadoc.io/doc/org.mockito/mockito-core/latest/org.mockito/org/mockito/Mockito.html#0.3
WARNING: A Java agent has been loaded dynamically (/home/eslamtaha/.m2/repository/net/bytebuddy/byte-buddy-agent/1.17.7/byte-buddy-agent-1.17.7.jar)
WARNING: If a serviceability tool is in use, please run with -XX:+EnableDynamicAgentLoading to hide this warning
WARNING: If a serviceability tool is not in use, please run with -Djdk.instrument.traceUsage for more information
WARNING: Dynamic loading of agents will be disallowed by default in a future release
]]></system-err>
  </testcase>
</testsuite>